[debug] [2020-03-20T20:57:03.547Z] ----------------------------------------------------------------------
[debug] [2020-03-20T20:57:03.549Z] Command:       /usr/bin/node /home/khayreddine/Workspace/dx-actions-firebase/node_modules/firebase-tools/lib/bin/firebase.js deploy --only hosting:dx-ui --token undefined -m 0.0.1
[debug] [2020-03-20T20:57:03.549Z] CLI Version:   7.15.1
[debug] [2020-03-20T20:57:03.549Z] Platform:      linux
[debug] [2020-03-20T20:57:03.549Z] Node Version:  v10.19.0
[debug] [2020-03-20T20:57:03.549Z] Time:          Fri Mar 20 2020 21:57:03 GMT+0100 (Central European Standard Time)
[debug] [2020-03-20T20:57:03.549Z] ----------------------------------------------------------------------
[debug] [2020-03-20T20:57:03.549Z] 
[debug] [2020-03-20T20:57:03.560Z] > command requires scopes: ["email","openid","https://www.googleapis.com/auth/cloudplatformprojects.readonly","https://www.googleapis.com/auth/firebase","https://www.googleapis.com/auth/cloud-platform"]
[debug] [2020-03-20T20:57:03.560Z] > authorizing via --token option
[debug] [2020-03-20T20:57:03.560Z] [iam] checking project elocatus-dev for permissions ["firebase.projects.get","firebasehosting.sites.update"]
[debug] [2020-03-20T20:57:03.562Z] > refreshing access token with scopes: ["email","openid","https://www.googleapis.com/auth/cloudplatformprojects.readonly","https://www.googleapis.com/auth/firebase","https://www.googleapis.com/auth/cloud-platform"]
[debug] [2020-03-20T20:57:03.562Z] >>> HTTP REQUEST POST https://www.googleapis.com/oauth2/v3/token  
 <request body omitted>
[debug] [2020-03-20T20:57:04.366Z] <<< HTTP RESPONSE 400
[debug] [2020-03-20T20:57:04.369Z] >>> HTTP REQUEST POST https://cloudresourcemanager.googleapis.com/v1/projects/elocatus-dev:testIamPermissions  

[debug] [2020-03-20T20:57:05.554Z] <<< HTTP RESPONSE 401
[debug] [2020-03-20T20:57:05.555Z] <<< HTTP RESPONSE BODY
[debug] [2020-03-20T20:57:05.558Z] [iam] error while checking permissions, command may fail: FirebaseError: HTTP Error: 401, Request had invalid authentication credentials. Expected OAuth 2 access token, login cookie or other valid authentication credential. See https://developers.google.com/identity/sign-in/web/devconsole-project.
[debug] [2020-03-20T20:57:05.560Z] > refreshing access token with scopes: ["email","openid","https://www.googleapis.com/auth/cloudplatformprojects.readonly","https://www.googleapis.com/auth/firebase","https://www.googleapis.com/auth/cloud-platform"]
[debug] [2020-03-20T20:57:05.560Z] >>> HTTP REQUEST POST https://www.googleapis.com/oauth2/v3/token  
 <request body omitted>
[debug] [2020-03-20T20:57:06.090Z] <<< HTTP RESPONSE 400
[debug] [2020-03-20T20:57:06.091Z] >>> HTTP REQUEST GET https://firebase.googleapis.com/v1beta1/projects/elocatus-dev  
 
[debug] [2020-03-20T20:57:06.488Z] <<< HTTP RESPONSE 401
[debug] [2020-03-20T20:57:06.488Z] <<< HTTP RESPONSE BODY
[debug] [2020-03-20T20:57:06.489Z] HTTP Error: 401, Request had invalid authentication credentials. Expected OAuth 2 access token, login cookie or other valid authentication credential. See https://developers.google.com/identity/sign-in/web/devconsole-project.
[debug] [2020-03-20T20:57:06.493Z] FirebaseError: HTTP Error: 401, Request had invalid authentication credentials. Expected OAuth 2 access token, login cookie or other valid authentication credential. See https://developers.google.com/identity/sign-in/web/devconsole-project.
    at module.exports (/home/khayreddine/Workspace/dx-actions-firebase/node_modules/firebase-tools/lib/responseToError.js:38:12)
    at Request._callback (/home/khayreddine/Workspace/dx-actions-firebase/node_modules/firebase-tools/lib/api.js:39:35)
    at Request.self.callback (/home/khayreddine/Workspace/dx-actions-firebase/node_modules/request/request.js:185:22)
    at Request.emit (events.js:198:13)
    at Request.EventEmitter.emit (domain.js:448:20)
    at Request.<anonymous> (/home/khayreddine/Workspace/dx-actions-firebase/node_modules/request/request.js:1154:10)
    at Request.emit (events.js:198:13)
    at Request.EventEmitter.emit (domain.js:448:20)
    at IncomingMessage.<anonymous> (/home/khayreddine/Workspace/dx-actions-firebase/node_modules/request/request.js:1076:12)
    at Object.onceWrapper (events.js:286:20)
    at IncomingMessage.emit (events.js:203:15)
    at IncomingMessage.EventEmitter.emit (domain.js:448:20)
    at endReadableNT (_stream_readable.js:1145:12)
    at process._tickCallback (internal/process/next_tick.js:63:19)
[error] 
[error] Error: Failed to get Firebase project elocatus-dev. Please make sure the project exists and your account has permission to access it.
